ARM GAS  C:\Users\uemre\AppData\Local\Temp\cc4JeBcV.s 			page 1


   1              		.syntax unified
   2              		.cpu cortex-m0
   3              		.fpu softvfp
   4              		.eabi_attribute 20, 1
   5              		.eabi_attribute 21, 1
   6              		.eabi_attribute 23, 3
   7              		.eabi_attribute 24, 1
   8              		.eabi_attribute 25, 1
   9              		.eabi_attribute 26, 1
  10              		.eabi_attribute 30, 1
  11              		.eabi_attribute 34, 0
  12              		.eabi_attribute 18, 4
  13              		.thumb
  14              		.syntax unified
  15              		.file	"main.c"
  16              		.text
  17              	.Ltext0:
  18              		.cfi_sections	.debug_frame
  19              		.section	.text.init_hardware,"ax",%progbits
  20              		.align	2
  21              		.global	init_hardware
  22              		.code	16
  23              		.thumb_func
  24              		.type	init_hardware, %function
  25              	init_hardware:
  26              	.LFB33:
  27              		.file 1 "main.c"
   1:main.c        **** /* ========================================
   2:main.c        ****  *
   3:main.c        ****  * Copyright YOUR COMPANY, THE YEAR
   4:main.c        ****  * All Rights Reserved
   5:main.c        ****  * UNPUBLISHED, LICENSED SOFTWARE.
   6:main.c        ****  *
   7:main.c        ****  * CONFIDENTIAL AND PROPRIETARY INFORMATION
   8:main.c        ****  * WHICH IS THE PROPERTY OF your company.
   9:main.c        ****  *
  10:main.c        ****  * ========================================
  11:main.c        **** */
  12:main.c        **** #include "project.h"
  13:main.c        **** #include <stdio.h>
  14:main.c        **** 
  15:main.c        **** #define MACH 346.513
  16:main.c        **** char str[128] ; 
  17:main.c        **** void init_hardware(void)
  18:main.c        **** {
  28              		.loc 1 18 0
  29              		.cfi_startproc
  30              		@ args = 0, pretend = 0, frame = 0
  31              		@ frame_needed = 0, uses_anonymous_args = 0
  32 0000 10B5     		push	{r4, lr}
  33              		.cfi_def_cfa_offset 8
  34              		.cfi_offset 4, -8
  35              		.cfi_offset 14, -4
  19:main.c        ****     CyGlobalIntEnable;
  36              		.loc 1 19 0
  37              		.syntax divided
  38              	@ 19 "main.c" 1
ARM GAS  C:\Users\uemre\AppData\Local\Temp\cc4JeBcV.s 			page 2


  39 0002 62B6     		CPSIE   i
  40              	@ 0 "" 2
  20:main.c        ****     Clock_12MHz_Start();
  41              		.loc 1 20 0
  42              		.thumb
  43              		.syntax unified
  44 0004 FFF7FEFF 		bl	Clock_12MHz_Start
  45              	.LVL0:
  21:main.c        ****     UART_Start();
  46              		.loc 1 21 0
  47 0008 FFF7FEFF 		bl	UART_Start
  48              	.LVL1:
  22:main.c        ****     Timer_Start();  
  49              		.loc 1 22 0
  50 000c FFF7FEFF 		bl	Timer_Start
  51              	.LVL2:
  23:main.c        **** }
  52              		.loc 1 23 0
  53              		@ sp needed
  54 0010 10BD     		pop	{r4, pc}
  55              		.cfi_endproc
  56              	.LFE33:
  57              		.size	init_hardware, .-init_hardware
  58 0012 C046     		.section	.text.pulse_trigger,"ax",%progbits
  59              		.align	2
  60              		.global	pulse_trigger
  61              		.code	16
  62              		.thumb_func
  63              		.type	pulse_trigger, %function
  64              	pulse_trigger:
  65              	.LFB34:
  24:main.c        ****    void pulse_trigger(void)
  25:main.c        **** {
  66              		.loc 1 25 0
  67              		.cfi_startproc
  68              		@ args = 0, pretend = 0, frame = 0
  69              		@ frame_needed = 0, uses_anonymous_args = 0
  70 0000 10B5     		push	{r4, lr}
  71              		.cfi_def_cfa_offset 8
  72              		.cfi_offset 4, -8
  73              		.cfi_offset 14, -4
  26:main.c        ****     Trigger_Write(1);
  74              		.loc 1 26 0
  75 0002 0120     		movs	r0, #1
  76 0004 FFF7FEFF 		bl	Trigger_Write
  77              	.LVL3:
  27:main.c        ****     CyDelayUs(10); // 10 mikro saniyeliğe trigger ucu açık bırakılır ve kapanır 40 khz lik d
  78              		.loc 1 27 0
  79 0008 0A20     		movs	r0, #10
  80 000a FFF7FEFF 		bl	CyDelayUs
  81              	.LVL4:
  28:main.c        ****     Trigger_Write(0);
  82              		.loc 1 28 0
  83 000e 0020     		movs	r0, #0
  84 0010 FFF7FEFF 		bl	Trigger_Write
  85              	.LVL5:
  29:main.c        **** }
ARM GAS  C:\Users\uemre\AppData\Local\Temp\cc4JeBcV.s 			page 3


  86              		.loc 1 29 0
  87              		@ sp needed
  88 0014 10BD     		pop	{r4, pc}
  89              		.cfi_endproc
  90              	.LFE34:
  91              		.size	pulse_trigger, .-pulse_trigger
  92 0016 C046     		.section	.text.measure_echo,"ax",%progbits
  93              		.align	2
  94              		.global	measure_echo
  95              		.code	16
  96              		.thumb_func
  97              		.type	measure_echo, %function
  98              	measure_echo:
  99              	.LFB35:
  30:main.c        ****     
  31:main.c        **** uint32_t measure_echo(void)
  32:main.c        **** {
 100              		.loc 1 32 0
 101              		.cfi_startproc
 102              		@ args = 0, pretend = 0, frame = 0
 103              		@ frame_needed = 0, uses_anonymous_args = 0
 104 0000 10B5     		push	{r4, lr}
 105              		.cfi_def_cfa_offset 8
 106              		.cfi_offset 4, -8
 107              		.cfi_offset 14, -4
  33:main.c        ****     u_int32_t lenght;
  34:main.c        ****    #if 0 
  35:main.c        ****     while(Echo_Read() == 0 );
  36:main.c        ****     Timer_WriteCounter(0);
  37:main.c        ****     while(Echo_Read() !=0);
  38:main.c        ****     lenght = Timer_ReadCounter();
  39:main.c        ****     return (lenght);
  40:main.c        ****     #else
  41:main.c        ****     Timer_Stop();   
 108              		.loc 1 41 0
 109 0002 FFF7FEFF 		bl	Timer_Stop
 110              	.LVL6:
  42:main.c        ****     Timer_WriteCounter(0);
 111              		.loc 1 42 0
 112 0006 0020     		movs	r0, #0
 113 0008 FFF7FEFF 		bl	Timer_WriteCounter
 114              	.LVL7:
 115              	.L4:
  43:main.c        ****     while(Echo_Read()==0);
 116              		.loc 1 43 0 discriminator 1
 117 000c FFF7FEFF 		bl	Echo_Read
 118              	.LVL8:
 119 0010 0028     		cmp	r0, #0
 120 0012 FBD0     		beq	.L4
  44:main.c        ****     Timer_Start();
 121              		.loc 1 44 0
 122 0014 FFF7FEFF 		bl	Timer_Start
 123              	.LVL9:
 124              	.L5:
  45:main.c        ****     while(Echo_Read()!=0) ;
 125              		.loc 1 45 0 discriminator 1
 126 0018 FFF7FEFF 		bl	Echo_Read
ARM GAS  C:\Users\uemre\AppData\Local\Temp\cc4JeBcV.s 			page 4


 127              	.LVL10:
 128 001c 0028     		cmp	r0, #0
 129 001e FBD1     		bne	.L5
  46:main.c        ****     Timer_Stop();
 130              		.loc 1 46 0
 131 0020 FFF7FEFF 		bl	Timer_Stop
 132              	.LVL11:
  47:main.c        ****     lenght= Timer_ReadCounter();
 133              		.loc 1 47 0
 134 0024 FFF7FEFF 		bl	Timer_ReadCounter
 135              	.LVL12:
  48:main.c        ****     return(lenght);
  49:main.c        ****     #endif
  50:main.c        **** } 
 136              		.loc 1 50 0
 137              		@ sp needed
 138 0028 10BD     		pop	{r4, pc}
 139              		.cfi_endproc
 140              	.LFE35:
 141              		.size	measure_echo, .-measure_echo
 142              		.global	__aeabi_ui2d
 143              		.global	__aeabi_dmul
 144              		.global	__aeabi_ddiv
 145              		.global	__aeabi_d2iz
 146              		.global	__aeabi_idivmod
 147 002a C046     		.section	.text.print_value,"ax",%progbits
 148              		.align	2
 149              		.global	print_value
 150              		.code	16
 151              		.thumb_func
 152              		.type	print_value, %function
 153              	print_value:
 154              	.LFB36:
  51:main.c        **** void print_value(uint32_t duration)
  52:main.c        **** { double distance =0.0;
 155              		.loc 1 52 0
 156              		.cfi_startproc
 157              		@ args = 0, pretend = 0, frame = 0
 158              		@ frame_needed = 0, uses_anonymous_args = 0
 159              	.LVL13:
 160 0000 70B5     		push	{r4, r5, r6, lr}
 161              		.cfi_def_cfa_offset 16
 162              		.cfi_offset 4, -16
 163              		.cfi_offset 5, -12
 164              		.cfi_offset 6, -8
 165              		.cfi_offset 14, -4
 166              	.LVL14:
  53:main.c        ****     distance = (double)(duration)* MACH /240000.0;
 167              		.loc 1 53 0
 168 0002 FFF7FEFF 		bl	__aeabi_ui2d
 169              	.LVL15:
 170 0006 114A     		ldr	r2, .L7
 171 0008 114B     		ldr	r3, .L7+4
 172 000a FFF7FEFF 		bl	__aeabi_dmul
 173              	.LVL16:
 174 000e 0022     		movs	r2, #0
 175 0010 104B     		ldr	r3, .L7+8
ARM GAS  C:\Users\uemre\AppData\Local\Temp\cc4JeBcV.s 			page 5


 176 0012 FFF7FEFF 		bl	__aeabi_ddiv
 177              	.LVL17:
 178 0016 0400     		movs	r4, r0
 179 0018 0D00     		movs	r5, r1
 180              	.LVL18:
  54:main.c        ****     sprintf(str,"%d.%2dcm\n,",(int)distance,(int)(100*distance)%100);
 181              		.loc 1 54 0
 182 001a 0022     		movs	r2, #0
 183 001c 0E4B     		ldr	r3, .L7+12
 184 001e FFF7FEFF 		bl	__aeabi_dmul
 185              	.LVL19:
 186 0022 FFF7FEFF 		bl	__aeabi_d2iz
 187              	.LVL20:
 188 0026 6421     		movs	r1, #100
 189 0028 FFF7FEFF 		bl	__aeabi_idivmod
 190              	.LVL21:
 191 002c 0E00     		movs	r6, r1
 192 002e 2000     		movs	r0, r4
 193 0030 2900     		movs	r1, r5
 194 0032 FFF7FEFF 		bl	__aeabi_d2iz
 195              	.LVL22:
 196 0036 0200     		movs	r2, r0
 197 0038 084C     		ldr	r4, .L7+16
 198              	.LVL23:
 199 003a 3300     		movs	r3, r6
 200 003c 0849     		ldr	r1, .L7+20
 201 003e 2000     		movs	r0, r4
 202 0040 FFF7FEFF 		bl	sprintf
 203              	.LVL24:
  55:main.c        ****     UART_UartPutString(str);
 204              		.loc 1 55 0
 205 0044 2000     		movs	r0, r4
 206 0046 FFF7FEFF 		bl	UART_UartPutString
 207              	.LVL25:
  56:main.c        **** }
 208              		.loc 1 56 0
 209              		@ sp needed
 210 004a 70BD     		pop	{r4, r5, r6, pc}
 211              	.L8:
 212              		.align	2
 213              	.L7:
 214 004c 91ED7C3F 		.word	1065151889
 215 0050 35A87540 		.word	1081452597
 216 0054 004C0D41 		.word	1091390464
 217 0058 00005940 		.word	1079574528
 218 005c 00000000 		.word	str
 219 0060 00000000 		.word	.LC0
 220              		.cfi_endproc
 221              	.LFE36:
 222              		.size	print_value, .-print_value
 223              		.section	.text.main,"ax",%progbits
 224              		.align	2
 225              		.global	main
 226              		.code	16
 227              		.thumb_func
 228              		.type	main, %function
 229              	main:
ARM GAS  C:\Users\uemre\AppData\Local\Temp\cc4JeBcV.s 			page 6


 230              	.LFB37:
  57:main.c        **** int main(void){
 231              		.loc 1 57 0
 232              		.cfi_startproc
 233              		@ args = 0, pretend = 0, frame = 0
 234              		@ frame_needed = 0, uses_anonymous_args = 0
 235 0000 10B5     		push	{r4, lr}
 236              		.cfi_def_cfa_offset 8
 237              		.cfi_offset 4, -8
 238              		.cfi_offset 14, -4
  58:main.c        ****     uint32_t duration;
  59:main.c        ****     init_hardware();
 239              		.loc 1 59 0
 240 0002 FFF7FEFF 		bl	init_hardware
 241              	.LVL26:
 242              	.L10:
  60:main.c        ****     for(;;){
  61:main.c        ****     pulse_trigger();
 243              		.loc 1 61 0 discriminator 1
 244 0006 FFF7FEFF 		bl	pulse_trigger
 245              	.LVL27:
  62:main.c        ****     duration=measure_echo();
 246              		.loc 1 62 0 discriminator 1
 247 000a FFF7FEFF 		bl	measure_echo
 248              	.LVL28:
  63:main.c        ****     print_value(duration);
 249              		.loc 1 63 0 discriminator 1
 250 000e FFF7FEFF 		bl	print_value
 251              	.LVL29:
  64:main.c        ****     CyDelay(100);
 252              		.loc 1 64 0 discriminator 1
 253 0012 6420     		movs	r0, #100
 254 0014 FFF7FEFF 		bl	CyDelay
 255              	.LVL30:
 256 0018 F5E7     		b	.L10
 257              		.cfi_endproc
 258              	.LFE37:
 259              		.size	main, .-main
 260              		.comm	str,128,4
 261 001a C046     		.section	.rodata.str1.4,"aMS",%progbits,1
 262              		.align	2
 263              	.LC0:
 264 0000 25642E25 		.ascii	"%d.%2dcm\012,\000"
 264      3264636D 
 264      0A2C00
 265              		.text
 266              	.Letext0:
 267              		.file 2 "c:\\program files (x86)\\cypress\\psoc creator\\4.4\\psoc creator\\import\\gnu\\arm\\5.4.
 268              		.file 3 "c:\\program files (x86)\\cypress\\psoc creator\\4.4\\psoc creator\\import\\gnu\\arm\\5.4.
 269              		.file 4 "c:\\program files (x86)\\cypress\\psoc creator\\4.4\\psoc creator\\import\\gnu\\arm\\5.4.
 270              		.file 5 "Generated_Source\\PSoC4/Clock_12MHz.h"
 271              		.file 6 "Generated_Source\\PSoC4/UART.h"
 272              		.file 7 "Generated_Source\\PSoC4/Timer.h"
 273              		.file 8 "Generated_Source\\PSoC4/Trigger.h"
 274              		.file 9 "Generated_Source\\PSoC4/CyLib.h"
 275              		.file 10 "Generated_Source\\PSoC4/Echo.h"
 276              		.file 11 "c:\\program files (x86)\\cypress\\psoc creator\\4.4\\psoc creator\\import\\gnu\\arm\\5.4
ARM GAS  C:\Users\uemre\AppData\Local\Temp\cc4JeBcV.s 			page 7


 277              		.file 12 "Generated_Source\\PSoC4/UART_SPI_UART.h"
 278              		.section	.debug_info,"",%progbits
 279              	.Ldebug_info0:
 280 0000 06030000 		.4byte	0x306
 281 0004 0400     		.2byte	0x4
 282 0006 00000000 		.4byte	.Ldebug_abbrev0
 283 000a 04       		.byte	0x4
 284 000b 01       		.uleb128 0x1
 285 000c 66010000 		.4byte	.LASF35
 286 0010 0C       		.byte	0xc
 287 0011 25020000 		.4byte	.LASF36
 288 0015 25010000 		.4byte	.LASF37
 289 0019 00000000 		.4byte	.Ldebug_ranges0+0
 290 001d 00000000 		.4byte	0
 291 0021 00000000 		.4byte	.Ldebug_line0
 292 0025 02       		.uleb128 0x2
 293 0026 01       		.byte	0x1
 294 0027 06       		.byte	0x6
 295 0028 59020000 		.4byte	.LASF0
 296 002c 02       		.uleb128 0x2
 297 002d 01       		.byte	0x1
 298 002e 08       		.byte	0x8
 299 002f 60000000 		.4byte	.LASF1
 300 0033 02       		.uleb128 0x2
 301 0034 02       		.byte	0x2
 302 0035 05       		.byte	0x5
 303 0036 31020000 		.4byte	.LASF2
 304 003a 02       		.uleb128 0x2
 305 003b 02       		.byte	0x2
 306 003c 07       		.byte	0x7
 307 003d 8E000000 		.4byte	.LASF3
 308 0041 02       		.uleb128 0x2
 309 0042 04       		.byte	0x4
 310 0043 05       		.byte	0x5
 311 0044 44020000 		.4byte	.LASF4
 312 0048 03       		.uleb128 0x3
 313 0049 D1000000 		.4byte	.LASF9
 314 004d 02       		.byte	0x2
 315 004e 41       		.byte	0x41
 316 004f 53000000 		.4byte	0x53
 317 0053 02       		.uleb128 0x2
 318 0054 04       		.byte	0x4
 319 0055 07       		.byte	0x7
 320 0056 6E000000 		.4byte	.LASF5
 321 005a 02       		.uleb128 0x2
 322 005b 08       		.byte	0x8
 323 005c 05       		.byte	0x5
 324 005d 10020000 		.4byte	.LASF6
 325 0061 02       		.uleb128 0x2
 326 0062 08       		.byte	0x8
 327 0063 07       		.byte	0x7
 328 0064 0E010000 		.4byte	.LASF7
 329 0068 04       		.uleb128 0x4
 330 0069 04       		.byte	0x4
 331 006a 05       		.byte	0x5
 332 006b 696E7400 		.ascii	"int\000"
 333 006f 02       		.uleb128 0x2
ARM GAS  C:\Users\uemre\AppData\Local\Temp\cc4JeBcV.s 			page 8


 334 0070 04       		.byte	0x4
 335 0071 07       		.byte	0x7
 336 0072 F7000000 		.4byte	.LASF8
 337 0076 03       		.uleb128 0x3
 338 0077 3B020000 		.4byte	.LASF10
 339 007b 03       		.byte	0x3
 340 007c 30       		.byte	0x30
 341 007d 48000000 		.4byte	0x48
 342 0081 02       		.uleb128 0x2
 343 0082 04       		.byte	0x4
 344 0083 04       		.byte	0x4
 345 0084 5A000000 		.4byte	.LASF11
 346 0088 02       		.uleb128 0x2
 347 0089 08       		.byte	0x8
 348 008a 04       		.byte	0x4
 349 008b B8000000 		.4byte	.LASF12
 350 008f 02       		.uleb128 0x2
 351 0090 01       		.byte	0x1
 352 0091 08       		.byte	0x8
 353 0092 2C020000 		.4byte	.LASF13
 354 0096 02       		.uleb128 0x2
 355 0097 08       		.byte	0x8
 356 0098 04       		.byte	0x4
 357 0099 4D020000 		.4byte	.LASF14
 358 009d 02       		.uleb128 0x2
 359 009e 04       		.byte	0x4
 360 009f 07       		.byte	0x7
 361 00a0 07020000 		.4byte	.LASF15
 362 00a4 03       		.uleb128 0x3
 363 00a5 21000000 		.4byte	.LASF16
 364 00a9 04       		.byte	0x4
 365 00aa 22       		.byte	0x22
 366 00ab 48000000 		.4byte	0x48
 367 00af 05       		.uleb128 0x5
 368 00b0 82020000 		.4byte	.LASF17
 369 00b4 01       		.byte	0x1
 370 00b5 11       		.byte	0x11
 371 00b6 00000000 		.4byte	.LFB33
 372 00ba 12000000 		.4byte	.LFE33-.LFB33
 373 00be 01       		.uleb128 0x1
 374 00bf 9C       		.byte	0x9c
 375 00c0 E0000000 		.4byte	0xe0
 376 00c4 06       		.uleb128 0x6
 377 00c5 08000000 		.4byte	.LVL0
 378 00c9 80020000 		.4byte	0x280
 379 00cd 06       		.uleb128 0x6
 380 00ce 0C000000 		.4byte	.LVL1
 381 00d2 8B020000 		.4byte	0x28b
 382 00d6 06       		.uleb128 0x6
 383 00d7 10000000 		.4byte	.LVL2
 384 00db 96020000 		.4byte	0x296
 385 00df 00       		.byte	0
 386 00e0 05       		.uleb128 0x5
 387 00e1 80000000 		.4byte	.LASF18
 388 00e5 01       		.byte	0x1
 389 00e6 18       		.byte	0x18
 390 00e7 00000000 		.4byte	.LFB34
ARM GAS  C:\Users\uemre\AppData\Local\Temp\cc4JeBcV.s 			page 9


 391 00eb 16000000 		.4byte	.LFE34-.LFB34
 392 00ef 01       		.uleb128 0x1
 393 00f0 9C       		.byte	0x9c
 394 00f1 2B010000 		.4byte	0x12b
 395 00f5 07       		.uleb128 0x7
 396 00f6 08000000 		.4byte	.LVL3
 397 00fa A2020000 		.4byte	0x2a2
 398 00fe 08010000 		.4byte	0x108
 399 0102 08       		.uleb128 0x8
 400 0103 01       		.uleb128 0x1
 401 0104 50       		.byte	0x50
 402 0105 01       		.uleb128 0x1
 403 0106 31       		.byte	0x31
 404 0107 00       		.byte	0
 405 0108 07       		.uleb128 0x7
 406 0109 0E000000 		.4byte	.LVL4
 407 010d AD020000 		.4byte	0x2ad
 408 0111 1B010000 		.4byte	0x11b
 409 0115 08       		.uleb128 0x8
 410 0116 01       		.uleb128 0x1
 411 0117 50       		.byte	0x50
 412 0118 01       		.uleb128 0x1
 413 0119 3A       		.byte	0x3a
 414 011a 00       		.byte	0
 415 011b 09       		.uleb128 0x9
 416 011c 14000000 		.4byte	.LVL5
 417 0120 A2020000 		.4byte	0x2a2
 418 0124 08       		.uleb128 0x8
 419 0125 01       		.uleb128 0x1
 420 0126 50       		.byte	0x50
 421 0127 01       		.uleb128 0x1
 422 0128 30       		.byte	0x30
 423 0129 00       		.byte	0
 424 012a 00       		.byte	0
 425 012b 0A       		.uleb128 0xa
 426 012c 65020000 		.4byte	.LASF38
 427 0130 01       		.byte	0x1
 428 0131 1F       		.byte	0x1f
 429 0132 76000000 		.4byte	0x76
 430 0136 00000000 		.4byte	.LFB35
 431 013a 2A000000 		.4byte	.LFE35-.LFB35
 432 013e 01       		.uleb128 0x1
 433 013f 9C       		.byte	0x9c
 434 0140 9B010000 		.4byte	0x19b
 435 0144 0B       		.uleb128 0xb
 436 0145 1E020000 		.4byte	.LASF20
 437 0149 01       		.byte	0x1
 438 014a 21       		.byte	0x21
 439 014b A4000000 		.4byte	0xa4
 440 014f 01       		.uleb128 0x1
 441 0150 50       		.byte	0x50
 442 0151 06       		.uleb128 0x6
 443 0152 06000000 		.4byte	.LVL6
 444 0156 B8020000 		.4byte	0x2b8
 445 015a 07       		.uleb128 0x7
 446 015b 0C000000 		.4byte	.LVL7
 447 015f C4020000 		.4byte	0x2c4
ARM GAS  C:\Users\uemre\AppData\Local\Temp\cc4JeBcV.s 			page 10


 448 0163 6D010000 		.4byte	0x16d
 449 0167 08       		.uleb128 0x8
 450 0168 01       		.uleb128 0x1
 451 0169 50       		.byte	0x50
 452 016a 01       		.uleb128 0x1
 453 016b 30       		.byte	0x30
 454 016c 00       		.byte	0
 455 016d 06       		.uleb128 0x6
 456 016e 10000000 		.4byte	.LVL8
 457 0172 D0020000 		.4byte	0x2d0
 458 0176 06       		.uleb128 0x6
 459 0177 18000000 		.4byte	.LVL9
 460 017b 96020000 		.4byte	0x296
 461 017f 06       		.uleb128 0x6
 462 0180 1C000000 		.4byte	.LVL10
 463 0184 D0020000 		.4byte	0x2d0
 464 0188 06       		.uleb128 0x6
 465 0189 24000000 		.4byte	.LVL11
 466 018d B8020000 		.4byte	0x2b8
 467 0191 06       		.uleb128 0x6
 468 0192 28000000 		.4byte	.LVL12
 469 0196 DB020000 		.4byte	0x2db
 470 019a 00       		.byte	0
 471 019b 0C       		.uleb128 0xc
 472 019c AC000000 		.4byte	.LASF19
 473 01a0 01       		.byte	0x1
 474 01a1 33       		.byte	0x33
 475 01a2 00000000 		.4byte	.LFB36
 476 01a6 64000000 		.4byte	.LFE36-.LFB36
 477 01aa 01       		.uleb128 0x1
 478 01ab 9C       		.byte	0x9c
 479 01ac 02020000 		.4byte	0x202
 480 01b0 0D       		.uleb128 0xd
 481 01b1 2B000000 		.4byte	.LASF22
 482 01b5 01       		.byte	0x1
 483 01b6 33       		.byte	0x33
 484 01b7 76000000 		.4byte	0x76
 485 01bb 00000000 		.4byte	.LLST0
 486 01bf 0E       		.uleb128 0xe
 487 01c0 51000000 		.4byte	.LASF21
 488 01c4 01       		.byte	0x1
 489 01c5 34       		.byte	0x34
 490 01c6 88000000 		.4byte	0x88
 491 01ca 21000000 		.4byte	.LLST1
 492 01ce 07       		.uleb128 0x7
 493 01cf 44000000 		.4byte	.LVL24
 494 01d3 E7020000 		.4byte	0x2e7
 495 01d7 F1010000 		.4byte	0x1f1
 496 01db 08       		.uleb128 0x8
 497 01dc 01       		.uleb128 0x1
 498 01dd 50       		.byte	0x50
 499 01de 02       		.uleb128 0x2
 500 01df 74       		.byte	0x74
 501 01e0 00       		.sleb128 0
 502 01e1 08       		.uleb128 0x8
 503 01e2 01       		.uleb128 0x1
 504 01e3 51       		.byte	0x51
ARM GAS  C:\Users\uemre\AppData\Local\Temp\cc4JeBcV.s 			page 11


 505 01e4 05       		.uleb128 0x5
 506 01e5 03       		.byte	0x3
 507 01e6 00000000 		.4byte	.LC0
 508 01ea 08       		.uleb128 0x8
 509 01eb 01       		.uleb128 0x1
 510 01ec 53       		.byte	0x53
 511 01ed 02       		.uleb128 0x2
 512 01ee 76       		.byte	0x76
 513 01ef 00       		.sleb128 0
 514 01f0 00       		.byte	0
 515 01f1 09       		.uleb128 0x9
 516 01f2 4A000000 		.4byte	.LVL25
 517 01f6 F2020000 		.4byte	0x2f2
 518 01fa 08       		.uleb128 0x8
 519 01fb 01       		.uleb128 0x1
 520 01fc 50       		.byte	0x50
 521 01fd 02       		.uleb128 0x2
 522 01fe 74       		.byte	0x74
 523 01ff 00       		.sleb128 0
 524 0200 00       		.byte	0
 525 0201 00       		.byte	0
 526 0202 0F       		.uleb128 0xf
 527 0203 E6000000 		.4byte	.LASF39
 528 0207 01       		.byte	0x1
 529 0208 39       		.byte	0x39
 530 0209 68000000 		.4byte	0x68
 531 020d 00000000 		.4byte	.LFB37
 532 0211 1A000000 		.4byte	.LFE37-.LFB37
 533 0215 01       		.uleb128 0x1
 534 0216 9C       		.byte	0x9c
 535 0217 5F020000 		.4byte	0x25f
 536 021b 0E       		.uleb128 0xe
 537 021c 2B000000 		.4byte	.LASF22
 538 0220 01       		.byte	0x1
 539 0221 3A       		.byte	0x3a
 540 0222 76000000 		.4byte	0x76
 541 0226 4D000000 		.4byte	.LLST2
 542 022a 06       		.uleb128 0x6
 543 022b 06000000 		.4byte	.LVL26
 544 022f AF000000 		.4byte	0xaf
 545 0233 06       		.uleb128 0x6
 546 0234 0A000000 		.4byte	.LVL27
 547 0238 E0000000 		.4byte	0xe0
 548 023c 06       		.uleb128 0x6
 549 023d 0E000000 		.4byte	.LVL28
 550 0241 2B010000 		.4byte	0x12b
 551 0245 06       		.uleb128 0x6
 552 0246 12000000 		.4byte	.LVL29
 553 024a 9B010000 		.4byte	0x19b
 554 024e 09       		.uleb128 0x9
 555 024f 18000000 		.4byte	.LVL30
 556 0253 FE020000 		.4byte	0x2fe
 557 0257 08       		.uleb128 0x8
 558 0258 01       		.uleb128 0x1
 559 0259 50       		.byte	0x50
 560 025a 02       		.uleb128 0x2
 561 025b 08       		.byte	0x8
ARM GAS  C:\Users\uemre\AppData\Local\Temp\cc4JeBcV.s 			page 12


 562 025c 64       		.byte	0x64
 563 025d 00       		.byte	0
 564 025e 00       		.byte	0
 565 025f 10       		.uleb128 0x10
 566 0260 8F000000 		.4byte	0x8f
 567 0264 6F020000 		.4byte	0x26f
 568 0268 11       		.uleb128 0x11
 569 0269 9D000000 		.4byte	0x9d
 570 026d 7F       		.byte	0x7f
 571 026e 00       		.byte	0
 572 026f 12       		.uleb128 0x12
 573 0270 73747200 		.ascii	"str\000"
 574 0274 01       		.byte	0x1
 575 0275 10       		.byte	0x10
 576 0276 5F020000 		.4byte	0x25f
 577 027a 05       		.uleb128 0x5
 578 027b 03       		.byte	0x3
 579 027c 00000000 		.4byte	str
 580 0280 13       		.uleb128 0x13
 581 0281 BF000000 		.4byte	.LASF23
 582 0285 BF000000 		.4byte	.LASF23
 583 0289 05       		.byte	0x5
 584 028a 23       		.byte	0x23
 585 028b 13       		.uleb128 0x13
 586 028c A1000000 		.4byte	.LASF24
 587 0290 A1000000 		.4byte	.LASF24
 588 0294 06       		.byte	0x6
 589 0295 72       		.byte	0x72
 590 0296 14       		.uleb128 0x14
 591 0297 EB000000 		.4byte	.LASF25
 592 029b EB000000 		.4byte	.LASF25
 593 029f 07       		.byte	0x7
 594 02a0 3201     		.2byte	0x132
 595 02a2 13       		.uleb128 0x13
 596 02a3 13000000 		.4byte	.LASF26
 597 02a7 13000000 		.4byte	.LASF26
 598 02ab 08       		.byte	0x8
 599 02ac 33       		.byte	0x33
 600 02ad 13       		.uleb128 0x13
 601 02ae DC000000 		.4byte	.LASF27
 602 02b2 DC000000 		.4byte	.LASF27
 603 02b6 09       		.byte	0x9
 604 02b7 ED       		.byte	0xed
 605 02b8 14       		.uleb128 0x14
 606 02b9 46000000 		.4byte	.LASF28
 607 02bd 46000000 		.4byte	.LASF28
 608 02c1 07       		.byte	0x7
 609 02c2 3301     		.2byte	0x133
 610 02c4 14       		.uleb128 0x14
 611 02c5 00000000 		.4byte	.LASF29
 612 02c9 00000000 		.4byte	.LASF29
 613 02cd 07       		.byte	0x7
 614 02ce 4A01     		.2byte	0x14a
 615 02d0 13       		.uleb128 0x13
 616 02d1 04010000 		.4byte	.LASF30
 617 02d5 04010000 		.4byte	.LASF30
 618 02d9 0A       		.byte	0xa
ARM GAS  C:\Users\uemre\AppData\Local\Temp\cc4JeBcV.s 			page 13


 619 02da 32       		.byte	0x32
 620 02db 14       		.uleb128 0x14
 621 02dc 34000000 		.4byte	.LASF31
 622 02e0 34000000 		.4byte	.LASF31
 623 02e4 07       		.byte	0x7
 624 02e5 4B01     		.2byte	0x14b
 625 02e7 13       		.uleb128 0x13
 626 02e8 72020000 		.4byte	.LASF32
 627 02ec 72020000 		.4byte	.LASF32
 628 02f0 0B       		.byte	0xb
 629 02f1 E7       		.byte	0xe7
 630 02f2 14       		.uleb128 0x14
 631 02f3 F4010000 		.4byte	.LASF33
 632 02f7 F4010000 		.4byte	.LASF33
 633 02fb 0C       		.byte	0xc
 634 02fc 2A03     		.2byte	0x32a
 635 02fe 13       		.uleb128 0x13
 636 02ff 7A020000 		.4byte	.LASF34
 637 0303 7A020000 		.4byte	.LASF34
 638 0307 09       		.byte	0x9
 639 0308 EC       		.byte	0xec
 640 0309 00       		.byte	0
 641              		.section	.debug_abbrev,"",%progbits
 642              	.Ldebug_abbrev0:
 643 0000 01       		.uleb128 0x1
 644 0001 11       		.uleb128 0x11
 645 0002 01       		.byte	0x1
 646 0003 25       		.uleb128 0x25
 647 0004 0E       		.uleb128 0xe
 648 0005 13       		.uleb128 0x13
 649 0006 0B       		.uleb128 0xb
 650 0007 03       		.uleb128 0x3
 651 0008 0E       		.uleb128 0xe
 652 0009 1B       		.uleb128 0x1b
 653 000a 0E       		.uleb128 0xe
 654 000b 55       		.uleb128 0x55
 655 000c 17       		.uleb128 0x17
 656 000d 11       		.uleb128 0x11
 657 000e 01       		.uleb128 0x1
 658 000f 10       		.uleb128 0x10
 659 0010 17       		.uleb128 0x17
 660 0011 00       		.byte	0
 661 0012 00       		.byte	0
 662 0013 02       		.uleb128 0x2
 663 0014 24       		.uleb128 0x24
 664 0015 00       		.byte	0
 665 0016 0B       		.uleb128 0xb
 666 0017 0B       		.uleb128 0xb
 667 0018 3E       		.uleb128 0x3e
 668 0019 0B       		.uleb128 0xb
 669 001a 03       		.uleb128 0x3
 670 001b 0E       		.uleb128 0xe
 671 001c 00       		.byte	0
 672 001d 00       		.byte	0
 673 001e 03       		.uleb128 0x3
 674 001f 16       		.uleb128 0x16
 675 0020 00       		.byte	0
ARM GAS  C:\Users\uemre\AppData\Local\Temp\cc4JeBcV.s 			page 14


 676 0021 03       		.uleb128 0x3
 677 0022 0E       		.uleb128 0xe
 678 0023 3A       		.uleb128 0x3a
 679 0024 0B       		.uleb128 0xb
 680 0025 3B       		.uleb128 0x3b
 681 0026 0B       		.uleb128 0xb
 682 0027 49       		.uleb128 0x49
 683 0028 13       		.uleb128 0x13
 684 0029 00       		.byte	0
 685 002a 00       		.byte	0
 686 002b 04       		.uleb128 0x4
 687 002c 24       		.uleb128 0x24
 688 002d 00       		.byte	0
 689 002e 0B       		.uleb128 0xb
 690 002f 0B       		.uleb128 0xb
 691 0030 3E       		.uleb128 0x3e
 692 0031 0B       		.uleb128 0xb
 693 0032 03       		.uleb128 0x3
 694 0033 08       		.uleb128 0x8
 695 0034 00       		.byte	0
 696 0035 00       		.byte	0
 697 0036 05       		.uleb128 0x5
 698 0037 2E       		.uleb128 0x2e
 699 0038 01       		.byte	0x1
 700 0039 3F       		.uleb128 0x3f
 701 003a 19       		.uleb128 0x19
 702 003b 03       		.uleb128 0x3
 703 003c 0E       		.uleb128 0xe
 704 003d 3A       		.uleb128 0x3a
 705 003e 0B       		.uleb128 0xb
 706 003f 3B       		.uleb128 0x3b
 707 0040 0B       		.uleb128 0xb
 708 0041 27       		.uleb128 0x27
 709 0042 19       		.uleb128 0x19
 710 0043 11       		.uleb128 0x11
 711 0044 01       		.uleb128 0x1
 712 0045 12       		.uleb128 0x12
 713 0046 06       		.uleb128 0x6
 714 0047 40       		.uleb128 0x40
 715 0048 18       		.uleb128 0x18
 716 0049 9742     		.uleb128 0x2117
 717 004b 19       		.uleb128 0x19
 718 004c 01       		.uleb128 0x1
 719 004d 13       		.uleb128 0x13
 720 004e 00       		.byte	0
 721 004f 00       		.byte	0
 722 0050 06       		.uleb128 0x6
 723 0051 898201   		.uleb128 0x4109
 724 0054 00       		.byte	0
 725 0055 11       		.uleb128 0x11
 726 0056 01       		.uleb128 0x1
 727 0057 31       		.uleb128 0x31
 728 0058 13       		.uleb128 0x13
 729 0059 00       		.byte	0
 730 005a 00       		.byte	0
 731 005b 07       		.uleb128 0x7
 732 005c 898201   		.uleb128 0x4109
ARM GAS  C:\Users\uemre\AppData\Local\Temp\cc4JeBcV.s 			page 15


 733 005f 01       		.byte	0x1
 734 0060 11       		.uleb128 0x11
 735 0061 01       		.uleb128 0x1
 736 0062 31       		.uleb128 0x31
 737 0063 13       		.uleb128 0x13
 738 0064 01       		.uleb128 0x1
 739 0065 13       		.uleb128 0x13
 740 0066 00       		.byte	0
 741 0067 00       		.byte	0
 742 0068 08       		.uleb128 0x8
 743 0069 8A8201   		.uleb128 0x410a
 744 006c 00       		.byte	0
 745 006d 02       		.uleb128 0x2
 746 006e 18       		.uleb128 0x18
 747 006f 9142     		.uleb128 0x2111
 748 0071 18       		.uleb128 0x18
 749 0072 00       		.byte	0
 750 0073 00       		.byte	0
 751 0074 09       		.uleb128 0x9
 752 0075 898201   		.uleb128 0x4109
 753 0078 01       		.byte	0x1
 754 0079 11       		.uleb128 0x11
 755 007a 01       		.uleb128 0x1
 756 007b 31       		.uleb128 0x31
 757 007c 13       		.uleb128 0x13
 758 007d 00       		.byte	0
 759 007e 00       		.byte	0
 760 007f 0A       		.uleb128 0xa
 761 0080 2E       		.uleb128 0x2e
 762 0081 01       		.byte	0x1
 763 0082 3F       		.uleb128 0x3f
 764 0083 19       		.uleb128 0x19
 765 0084 03       		.uleb128 0x3
 766 0085 0E       		.uleb128 0xe
 767 0086 3A       		.uleb128 0x3a
 768 0087 0B       		.uleb128 0xb
 769 0088 3B       		.uleb128 0x3b
 770 0089 0B       		.uleb128 0xb
 771 008a 27       		.uleb128 0x27
 772 008b 19       		.uleb128 0x19
 773 008c 49       		.uleb128 0x49
 774 008d 13       		.uleb128 0x13
 775 008e 11       		.uleb128 0x11
 776 008f 01       		.uleb128 0x1
 777 0090 12       		.uleb128 0x12
 778 0091 06       		.uleb128 0x6
 779 0092 40       		.uleb128 0x40
 780 0093 18       		.uleb128 0x18
 781 0094 9742     		.uleb128 0x2117
 782 0096 19       		.uleb128 0x19
 783 0097 01       		.uleb128 0x1
 784 0098 13       		.uleb128 0x13
 785 0099 00       		.byte	0
 786 009a 00       		.byte	0
 787 009b 0B       		.uleb128 0xb
 788 009c 34       		.uleb128 0x34
 789 009d 00       		.byte	0
ARM GAS  C:\Users\uemre\AppData\Local\Temp\cc4JeBcV.s 			page 16


 790 009e 03       		.uleb128 0x3
 791 009f 0E       		.uleb128 0xe
 792 00a0 3A       		.uleb128 0x3a
 793 00a1 0B       		.uleb128 0xb
 794 00a2 3B       		.uleb128 0x3b
 795 00a3 0B       		.uleb128 0xb
 796 00a4 49       		.uleb128 0x49
 797 00a5 13       		.uleb128 0x13
 798 00a6 02       		.uleb128 0x2
 799 00a7 18       		.uleb128 0x18
 800 00a8 00       		.byte	0
 801 00a9 00       		.byte	0
 802 00aa 0C       		.uleb128 0xc
 803 00ab 2E       		.uleb128 0x2e
 804 00ac 01       		.byte	0x1
 805 00ad 3F       		.uleb128 0x3f
 806 00ae 19       		.uleb128 0x19
 807 00af 03       		.uleb128 0x3
 808 00b0 0E       		.uleb128 0xe
 809 00b1 3A       		.uleb128 0x3a
 810 00b2 0B       		.uleb128 0xb
 811 00b3 3B       		.uleb128 0x3b
 812 00b4 0B       		.uleb128 0xb
 813 00b5 27       		.uleb128 0x27
 814 00b6 19       		.uleb128 0x19
 815 00b7 11       		.uleb128 0x11
 816 00b8 01       		.uleb128 0x1
 817 00b9 12       		.uleb128 0x12
 818 00ba 06       		.uleb128 0x6
 819 00bb 40       		.uleb128 0x40
 820 00bc 18       		.uleb128 0x18
 821 00bd 9642     		.uleb128 0x2116
 822 00bf 19       		.uleb128 0x19
 823 00c0 01       		.uleb128 0x1
 824 00c1 13       		.uleb128 0x13
 825 00c2 00       		.byte	0
 826 00c3 00       		.byte	0
 827 00c4 0D       		.uleb128 0xd
 828 00c5 05       		.uleb128 0x5
 829 00c6 00       		.byte	0
 830 00c7 03       		.uleb128 0x3
 831 00c8 0E       		.uleb128 0xe
 832 00c9 3A       		.uleb128 0x3a
 833 00ca 0B       		.uleb128 0xb
 834 00cb 3B       		.uleb128 0x3b
 835 00cc 0B       		.uleb128 0xb
 836 00cd 49       		.uleb128 0x49
 837 00ce 13       		.uleb128 0x13
 838 00cf 02       		.uleb128 0x2
 839 00d0 17       		.uleb128 0x17
 840 00d1 00       		.byte	0
 841 00d2 00       		.byte	0
 842 00d3 0E       		.uleb128 0xe
 843 00d4 34       		.uleb128 0x34
 844 00d5 00       		.byte	0
 845 00d6 03       		.uleb128 0x3
 846 00d7 0E       		.uleb128 0xe
ARM GAS  C:\Users\uemre\AppData\Local\Temp\cc4JeBcV.s 			page 17


 847 00d8 3A       		.uleb128 0x3a
 848 00d9 0B       		.uleb128 0xb
 849 00da 3B       		.uleb128 0x3b
 850 00db 0B       		.uleb128 0xb
 851 00dc 49       		.uleb128 0x49
 852 00dd 13       		.uleb128 0x13
 853 00de 02       		.uleb128 0x2
 854 00df 17       		.uleb128 0x17
 855 00e0 00       		.byte	0
 856 00e1 00       		.byte	0
 857 00e2 0F       		.uleb128 0xf
 858 00e3 2E       		.uleb128 0x2e
 859 00e4 01       		.byte	0x1
 860 00e5 3F       		.uleb128 0x3f
 861 00e6 19       		.uleb128 0x19
 862 00e7 03       		.uleb128 0x3
 863 00e8 0E       		.uleb128 0xe
 864 00e9 3A       		.uleb128 0x3a
 865 00ea 0B       		.uleb128 0xb
 866 00eb 3B       		.uleb128 0x3b
 867 00ec 0B       		.uleb128 0xb
 868 00ed 27       		.uleb128 0x27
 869 00ee 19       		.uleb128 0x19
 870 00ef 49       		.uleb128 0x49
 871 00f0 13       		.uleb128 0x13
 872 00f1 8701     		.uleb128 0x87
 873 00f3 19       		.uleb128 0x19
 874 00f4 11       		.uleb128 0x11
 875 00f5 01       		.uleb128 0x1
 876 00f6 12       		.uleb128 0x12
 877 00f7 06       		.uleb128 0x6
 878 00f8 40       		.uleb128 0x40
 879 00f9 18       		.uleb128 0x18
 880 00fa 9742     		.uleb128 0x2117
 881 00fc 19       		.uleb128 0x19
 882 00fd 01       		.uleb128 0x1
 883 00fe 13       		.uleb128 0x13
 884 00ff 00       		.byte	0
 885 0100 00       		.byte	0
 886 0101 10       		.uleb128 0x10
 887 0102 01       		.uleb128 0x1
 888 0103 01       		.byte	0x1
 889 0104 49       		.uleb128 0x49
 890 0105 13       		.uleb128 0x13
 891 0106 01       		.uleb128 0x1
 892 0107 13       		.uleb128 0x13
 893 0108 00       		.byte	0
 894 0109 00       		.byte	0
 895 010a 11       		.uleb128 0x11
 896 010b 21       		.uleb128 0x21
 897 010c 00       		.byte	0
 898 010d 49       		.uleb128 0x49
 899 010e 13       		.uleb128 0x13
 900 010f 2F       		.uleb128 0x2f
 901 0110 0B       		.uleb128 0xb
 902 0111 00       		.byte	0
 903 0112 00       		.byte	0
ARM GAS  C:\Users\uemre\AppData\Local\Temp\cc4JeBcV.s 			page 18


 904 0113 12       		.uleb128 0x12
 905 0114 34       		.uleb128 0x34
 906 0115 00       		.byte	0
 907 0116 03       		.uleb128 0x3
 908 0117 08       		.uleb128 0x8
 909 0118 3A       		.uleb128 0x3a
 910 0119 0B       		.uleb128 0xb
 911 011a 3B       		.uleb128 0x3b
 912 011b 0B       		.uleb128 0xb
 913 011c 49       		.uleb128 0x49
 914 011d 13       		.uleb128 0x13
 915 011e 3F       		.uleb128 0x3f
 916 011f 19       		.uleb128 0x19
 917 0120 02       		.uleb128 0x2
 918 0121 18       		.uleb128 0x18
 919 0122 00       		.byte	0
 920 0123 00       		.byte	0
 921 0124 13       		.uleb128 0x13
 922 0125 2E       		.uleb128 0x2e
 923 0126 00       		.byte	0
 924 0127 3F       		.uleb128 0x3f
 925 0128 19       		.uleb128 0x19
 926 0129 3C       		.uleb128 0x3c
 927 012a 19       		.uleb128 0x19
 928 012b 6E       		.uleb128 0x6e
 929 012c 0E       		.uleb128 0xe
 930 012d 03       		.uleb128 0x3
 931 012e 0E       		.uleb128 0xe
 932 012f 3A       		.uleb128 0x3a
 933 0130 0B       		.uleb128 0xb
 934 0131 3B       		.uleb128 0x3b
 935 0132 0B       		.uleb128 0xb
 936 0133 00       		.byte	0
 937 0134 00       		.byte	0
 938 0135 14       		.uleb128 0x14
 939 0136 2E       		.uleb128 0x2e
 940 0137 00       		.byte	0
 941 0138 3F       		.uleb128 0x3f
 942 0139 19       		.uleb128 0x19
 943 013a 3C       		.uleb128 0x3c
 944 013b 19       		.uleb128 0x19
 945 013c 6E       		.uleb128 0x6e
 946 013d 0E       		.uleb128 0xe
 947 013e 03       		.uleb128 0x3
 948 013f 0E       		.uleb128 0xe
 949 0140 3A       		.uleb128 0x3a
 950 0141 0B       		.uleb128 0xb
 951 0142 3B       		.uleb128 0x3b
 952 0143 05       		.uleb128 0x5
 953 0144 00       		.byte	0
 954 0145 00       		.byte	0
 955 0146 00       		.byte	0
 956              		.section	.debug_loc,"",%progbits
 957              	.Ldebug_loc0:
 958              	.LLST0:
 959 0000 00000000 		.4byte	.LVL13
 960 0004 05000000 		.4byte	.LVL15-1
ARM GAS  C:\Users\uemre\AppData\Local\Temp\cc4JeBcV.s 			page 19


 961 0008 0100     		.2byte	0x1
 962 000a 50       		.byte	0x50
 963 000b 05000000 		.4byte	.LVL15-1
 964 000f 64000000 		.4byte	.LFE36
 965 0013 0400     		.2byte	0x4
 966 0015 F3       		.byte	0xf3
 967 0016 01       		.uleb128 0x1
 968 0017 50       		.byte	0x50
 969 0018 9F       		.byte	0x9f
 970 0019 00000000 		.4byte	0
 971 001d 00000000 		.4byte	0
 972              	.LLST1:
 973 0021 02000000 		.4byte	.LVL14
 974 0025 1A000000 		.4byte	.LVL18
 975 0029 0A00     		.2byte	0xa
 976 002b 9E       		.byte	0x9e
 977 002c 08       		.uleb128 0x8
 978 002d 00000000 		.4byte	0
 979 0031 00000000 		.4byte	0
 980 0035 1A000000 		.4byte	.LVL18
 981 0039 3A000000 		.4byte	.LVL23
 982 003d 0600     		.2byte	0x6
 983 003f 54       		.byte	0x54
 984 0040 93       		.byte	0x93
 985 0041 04       		.uleb128 0x4
 986 0042 55       		.byte	0x55
 987 0043 93       		.byte	0x93
 988 0044 04       		.uleb128 0x4
 989 0045 00000000 		.4byte	0
 990 0049 00000000 		.4byte	0
 991              	.LLST2:
 992 004d 0E000000 		.4byte	.LVL28
 993 0051 11000000 		.4byte	.LVL29-1
 994 0055 0100     		.2byte	0x1
 995 0057 50       		.byte	0x50
 996 0058 00000000 		.4byte	0
 997 005c 00000000 		.4byte	0
 998              		.section	.debug_aranges,"",%progbits
 999 0000 3C000000 		.4byte	0x3c
 1000 0004 0200     		.2byte	0x2
 1001 0006 00000000 		.4byte	.Ldebug_info0
 1002 000a 04       		.byte	0x4
 1003 000b 00       		.byte	0
 1004 000c 0000     		.2byte	0
 1005 000e 0000     		.2byte	0
 1006 0010 00000000 		.4byte	.LFB33
 1007 0014 12000000 		.4byte	.LFE33-.LFB33
 1008 0018 00000000 		.4byte	.LFB34
 1009 001c 16000000 		.4byte	.LFE34-.LFB34
 1010 0020 00000000 		.4byte	.LFB35
 1011 0024 2A000000 		.4byte	.LFE35-.LFB35
 1012 0028 00000000 		.4byte	.LFB36
 1013 002c 64000000 		.4byte	.LFE36-.LFB36
 1014 0030 00000000 		.4byte	.LFB37
 1015 0034 1A000000 		.4byte	.LFE37-.LFB37
 1016 0038 00000000 		.4byte	0
 1017 003c 00000000 		.4byte	0
ARM GAS  C:\Users\uemre\AppData\Local\Temp\cc4JeBcV.s 			page 20


 1018              		.section	.debug_ranges,"",%progbits
 1019              	.Ldebug_ranges0:
 1020 0000 00000000 		.4byte	.LFB33
 1021 0004 12000000 		.4byte	.LFE33
 1022 0008 00000000 		.4byte	.LFB34
 1023 000c 16000000 		.4byte	.LFE34
 1024 0010 00000000 		.4byte	.LFB35
 1025 0014 2A000000 		.4byte	.LFE35
 1026 0018 00000000 		.4byte	.LFB36
 1027 001c 64000000 		.4byte	.LFE36
 1028 0020 00000000 		.4byte	.LFB37
 1029 0024 1A000000 		.4byte	.LFE37
 1030 0028 00000000 		.4byte	0
 1031 002c 00000000 		.4byte	0
 1032              		.section	.debug_line,"",%progbits
 1033              	.Ldebug_line0:
 1034 0000 90020000 		.section	.debug_str,"MS",%progbits,1
 1034      02000A02 
 1034      00000201 
 1034      FB0E0D00 
 1034      01010101 
 1035              	.LASF29:
 1036 0000 54696D65 		.ascii	"Timer_WriteCounter\000"
 1036      725F5772 
 1036      69746543 
 1036      6F756E74 
 1036      657200
 1037              	.LASF26:
 1038 0013 54726967 		.ascii	"Trigger_Write\000"
 1038      6765725F 
 1038      57726974 
 1038      6500
 1039              	.LASF16:
 1040 0021 755F696E 		.ascii	"u_int32_t\000"
 1040      7433325F 
 1040      7400
 1041              	.LASF22:
 1042 002b 64757261 		.ascii	"duration\000"
 1042      74696F6E 
 1042      00
 1043              	.LASF31:
 1044 0034 54696D65 		.ascii	"Timer_ReadCounter\000"
 1044      725F5265 
 1044      6164436F 
 1044      756E7465 
 1044      7200
 1045              	.LASF28:
 1046 0046 54696D65 		.ascii	"Timer_Stop\000"
 1046      725F5374 
 1046      6F7000
 1047              	.LASF21:
 1048 0051 64697374 		.ascii	"distance\000"
 1048      616E6365 
 1048      00
 1049              	.LASF11:
 1050 005a 666C6F61 		.ascii	"float\000"
 1050      7400
ARM GAS  C:\Users\uemre\AppData\Local\Temp\cc4JeBcV.s 			page 21


 1051              	.LASF1:
 1052 0060 756E7369 		.ascii	"unsigned char\000"
 1052      676E6564 
 1052      20636861 
 1052      7200
 1053              	.LASF5:
 1054 006e 6C6F6E67 		.ascii	"long unsigned int\000"
 1054      20756E73 
 1054      69676E65 
 1054      6420696E 
 1054      7400
 1055              	.LASF18:
 1056 0080 70756C73 		.ascii	"pulse_trigger\000"
 1056      655F7472 
 1056      69676765 
 1056      7200
 1057              	.LASF3:
 1058 008e 73686F72 		.ascii	"short unsigned int\000"
 1058      7420756E 
 1058      7369676E 
 1058      65642069 
 1058      6E7400
 1059              	.LASF24:
 1060 00a1 55415254 		.ascii	"UART_Start\000"
 1060      5F537461 
 1060      727400
 1061              	.LASF19:
 1062 00ac 7072696E 		.ascii	"print_value\000"
 1062      745F7661 
 1062      6C756500 
 1063              	.LASF12:
 1064 00b8 646F7562 		.ascii	"double\000"
 1064      6C6500
 1065              	.LASF23:
 1066 00bf 436C6F63 		.ascii	"Clock_12MHz_Start\000"
 1066      6B5F3132 
 1066      4D487A5F 
 1066      53746172 
 1066      7400
 1067              	.LASF9:
 1068 00d1 5F5F7569 		.ascii	"__uint32_t\000"
 1068      6E743332 
 1068      5F7400
 1069              	.LASF27:
 1070 00dc 43794465 		.ascii	"CyDelayUs\000"
 1070      6C617955 
 1070      7300
 1071              	.LASF39:
 1072 00e6 6D61696E 		.ascii	"main\000"
 1072      00
 1073              	.LASF25:
 1074 00eb 54696D65 		.ascii	"Timer_Start\000"
 1074      725F5374 
 1074      61727400 
 1075              	.LASF8:
 1076 00f7 756E7369 		.ascii	"unsigned int\000"
 1076      676E6564 
ARM GAS  C:\Users\uemre\AppData\Local\Temp\cc4JeBcV.s 			page 22


 1076      20696E74 
 1076      00
 1077              	.LASF30:
 1078 0104 4563686F 		.ascii	"Echo_Read\000"
 1078      5F526561 
 1078      6400
 1079              	.LASF7:
 1080 010e 6C6F6E67 		.ascii	"long long unsigned int\000"
 1080      206C6F6E 
 1080      6720756E 
 1080      7369676E 
 1080      65642069 
 1081              	.LASF37:
 1082 0125 433A5C55 		.ascii	"C:\\Users\\uemre\\Documents\\PSoC Creator\\Workspac"
 1082      73657273 
 1082      5C75656D 
 1082      72655C44 
 1082      6F63756D 
 1083 0153 6530315C 		.ascii	"e01\\Design01.cydsn\000"
 1083      44657369 
 1083      676E3031 
 1083      2E637964 
 1083      736E00
 1084              	.LASF35:
 1085 0166 474E5520 		.ascii	"GNU C11 5.4.1 20160609 (release) [ARM/embedded-5-br"
 1085      43313120 
 1085      352E342E 
 1085      31203230 
 1085      31363036 
 1086 0199 616E6368 		.ascii	"anch revision 237715] -mcpu=cortex-m0 -mthumb -g -O"
 1086      20726576 
 1086      6973696F 
 1086      6E203233 
 1086      37373135 
 1087 01cc 67202D66 		.ascii	"g -ffunction-sections -ffat-lto-objects\000"
 1087      66756E63 
 1087      74696F6E 
 1087      2D736563 
 1087      74696F6E 
 1088              	.LASF33:
 1089 01f4 55415254 		.ascii	"UART_UartPutString\000"
 1089      5F556172 
 1089      74507574 
 1089      53747269 
 1089      6E6700
 1090              	.LASF15:
 1091 0207 73697A65 		.ascii	"sizetype\000"
 1091      74797065 
 1091      00
 1092              	.LASF6:
 1093 0210 6C6F6E67 		.ascii	"long long int\000"
 1093      206C6F6E 
 1093      6720696E 
 1093      7400
 1094              	.LASF20:
 1095 021e 6C656E67 		.ascii	"lenght\000"
 1095      687400
ARM GAS  C:\Users\uemre\AppData\Local\Temp\cc4JeBcV.s 			page 23


 1096              	.LASF36:
 1097 0225 6D61696E 		.ascii	"main.c\000"
 1097      2E6300
 1098              	.LASF13:
 1099 022c 63686172 		.ascii	"char\000"
 1099      00
 1100              	.LASF2:
 1101 0231 73686F72 		.ascii	"short int\000"
 1101      7420696E 
 1101      7400
 1102              	.LASF10:
 1103 023b 75696E74 		.ascii	"uint32_t\000"
 1103      33325F74 
 1103      00
 1104              	.LASF4:
 1105 0244 6C6F6E67 		.ascii	"long int\000"
 1105      20696E74 
 1105      00
 1106              	.LASF14:
 1107 024d 6C6F6E67 		.ascii	"long double\000"
 1107      20646F75 
 1107      626C6500 
 1108              	.LASF0:
 1109 0259 7369676E 		.ascii	"signed char\000"
 1109      65642063 
 1109      68617200 
 1110              	.LASF38:
 1111 0265 6D656173 		.ascii	"measure_echo\000"
 1111      7572655F 
 1111      6563686F 
 1111      00
 1112              	.LASF32:
 1113 0272 73707269 		.ascii	"sprintf\000"
 1113      6E746600 
 1114              	.LASF34:
 1115 027a 43794465 		.ascii	"CyDelay\000"
 1115      6C617900 
 1116              	.LASF17:
 1117 0282 696E6974 		.ascii	"init_hardware\000"
 1117      5F686172 
 1117      64776172 
 1117      6500
 1118              		.ident	"GCC: (GNU Tools for ARM Embedded Processors) 5.4.1 20160609 (release) [ARM/embedded-5-bran
